<?xml version="1.0" encoding="UTF-8" ?>
<testsuite tests="5" failures="0" name="TestEmployeeMeeting" time="0.049" errors="0" skipped="0">
  <properties>
[...]
</properties>
  <testcase classname="TestEmployeeMeeting" name="testAll" time="0.003"/>
  <testcase classname="TestEmployeeMeeting" name="testEmployees" time="0.003"/>
  <testcase classname="TestEmployeeMeeting" name="testMeetingsForLastEmployee" time="0.008"/>
  <testcase classname="TestEmployeeMeeting" name="testMeetings" time="0.002"/>
  <testcase classname="TestEmployeeMeeting" name="testAddMeeting" time="0.033"/>
</testsuite>